<?xml version="1.0" encoding="UTF-8"?>
<!-- Generated by org.testng.reporters.JUnitReportReporter -->
<testsuite hostname="Dell" failures="0" tests="1" name="testCases.TC001_AccountRegistrationTest" time="8.131" errors="0" timestamp="2025-02-16T22:07:48 IST" skipped="0">
  <testcase classname="testCases.TC001_AccountRegistrationTest" name="test_accountregister" time="8.131"/>
</testsuite> <!-- testCases.TC001_AccountRegistrationTest -->
