<?xml version="1.0" encoding="UTF-8"?>
<!-- Generated by org.testng.reporters.JUnitReportReporter -->
<testsuite hostname="Dell" failures="0" tests="1" name="testCases.TC002_LoginPageTest" time="3.421" errors="0" timestamp="2025-02-16T22:07:48 IST" skipped="0">
  <testcase classname="testCases.TC002_LoginPageTest" name="logintest" time="3.421"/>
</testsuite> <!-- testCases.TC002_LoginPageTest -->
