<?xml version="1.0" encoding="UTF-8"?>
<!-- Generated by org.testng.reporters.JUnitReportReporter -->
<testsuite hostname="Dell" failures="0" tests="1" name="testCases.TC002_LoginPageTest" time="2.335" errors="0" timestamp="2025-02-18T11:55:21 IST" skipped="0">
  <testcase classname="testCases.TC002_LoginPageTest" name="logintest" time="2.335"/>
</testsuite> <!-- testCases.TC002_LoginPageTest -->
